
blink.elf:     file format elf32-littleriscv


Disassembly of section .text:

10000000 <_ftext>:
10000000:	0b00006f          	j	100000b0 <crt_init>
10000004:	00000013          	nop
10000008:	00000013          	nop
1000000c:	00000013          	nop
10000010:	00000013          	nop
10000014:	00000013          	nop
10000018:	00000013          	nop
1000001c:	00000013          	nop

10000020 <trap_entry>:
10000020:	fe112e23          	sw	ra,-4(sp)
10000024:	fe512c23          	sw	t0,-8(sp)
10000028:	fe612a23          	sw	t1,-12(sp)
1000002c:	fe712823          	sw	t2,-16(sp)
10000030:	fea12623          	sw	a0,-20(sp)
10000034:	feb12423          	sw	a1,-24(sp)
10000038:	fec12223          	sw	a2,-28(sp)
1000003c:	fed12023          	sw	a3,-32(sp)
10000040:	fce12e23          	sw	a4,-36(sp)
10000044:	fcf12c23          	sw	a5,-40(sp)
10000048:	fd012a23          	sw	a6,-44(sp)
1000004c:	fd112823          	sw	a7,-48(sp)
10000050:	fdc12623          	sw	t3,-52(sp)
10000054:	fdd12423          	sw	t4,-56(sp)
10000058:	fde12223          	sw	t5,-60(sp)
1000005c:	fdf12023          	sw	t6,-64(sp)
10000060:	fc010113          	addi	sp,sp,-64
10000064:	110000ef          	jal	10000174 <isr>
10000068:	03c12083          	lw	ra,60(sp)
1000006c:	03812283          	lw	t0,56(sp)
10000070:	03412303          	lw	t1,52(sp)
10000074:	03012383          	lw	t2,48(sp)
10000078:	02c12503          	lw	a0,44(sp)
1000007c:	02812583          	lw	a1,40(sp)
10000080:	02412603          	lw	a2,36(sp)
10000084:	02012683          	lw	a3,32(sp)
10000088:	01c12703          	lw	a4,28(sp)
1000008c:	01812783          	lw	a5,24(sp)
10000090:	01412803          	lw	a6,20(sp)
10000094:	01012883          	lw	a7,16(sp)
10000098:	00c12e03          	lw	t3,12(sp)
1000009c:	00812e83          	lw	t4,8(sp)
100000a0:	00412f03          	lw	t5,4(sp)
100000a4:	00012f83          	lw	t6,0(sp)
100000a8:	04010113          	addi	sp,sp,64
100000ac:	30200073          	mret

100000b0 <crt_init>:
100000b0:	40000113          	li	sp,1024
100000b4:	00000517          	auipc	a0,0x0
100000b8:	f6c50513          	addi	a0,a0,-148 # 10000020 <trap_entry>
100000bc:	30551073          	csrw	mtvec,a0

100000c0 <data_init>:
100000c0:	00000513          	li	a0,0
100000c4:	09000593          	li	a1,144
100000c8:	00001617          	auipc	a2,0x1
100000cc:	83860613          	addi	a2,a2,-1992 # 10000900 <_etext>

100000d0 <data_loop>:
100000d0:	00b50c63          	beq	a0,a1,100000e8 <bss_init>
100000d4:	00062683          	lw	a3,0(a2)
100000d8:	00d52023          	sw	a3,0(a0)
100000dc:	00450513          	addi	a0,a0,4
100000e0:	00460613          	addi	a2,a2,4
100000e4:	fedff06f          	j	100000d0 <data_loop>

100000e8 <bss_init>:
100000e8:	10000513          	li	a0,256
100000ec:	19000593          	li	a1,400

100000f0 <bss_loop>:
100000f0:	00b50863          	beq	a0,a1,10000100 <bss_done>
100000f4:	00052023          	sw	zero,0(a0)
100000f8:	00450513          	addi	a0,a0,4
100000fc:	ff5ff06f          	j	100000f0 <bss_loop>

10000100 <bss_done>:
10000100:	00001537          	lui	a0,0x1
10000104:	88050513          	addi	a0,a0,-1920 # 880 <_fstack+0x480>
10000108:	30451073          	csrw	mie,a0
1000010c:	408000ef          	jal	10000514 <main>

10000110 <infinit_loop>:
10000110:	0000006f          	j	10000110 <infinit_loop>

10000114 <flush_cpu_icache>:
10000114:	ff010113          	addi	sp,sp,-16
10000118:	00812623          	sw	s0,12(sp)
1000011c:	01010413          	addi	s0,sp,16
10000120:	00000013          	nop
10000124:	00c12403          	lw	s0,12(sp)
10000128:	01010113          	addi	sp,sp,16
1000012c:	00008067          	ret

10000130 <flush_cpu_dcache>:
10000130:	ff010113          	addi	sp,sp,-16
10000134:	00812623          	sw	s0,12(sp)
10000138:	01010413          	addi	s0,sp,16
1000013c:	00000013          	nop
10000140:	00c12403          	lw	s0,12(sp)
10000144:	01010113          	addi	sp,sp,16
10000148:	00008067          	ret

1000014c <irq_setmask>:
1000014c:	fe010113          	addi	sp,sp,-32
10000150:	00812e23          	sw	s0,28(sp)
10000154:	02010413          	addi	s0,sp,32
10000158:	fea42623          	sw	a0,-20(s0)
1000015c:	fec42783          	lw	a5,-20(s0)
10000160:	bc079073          	csrw	0xbc0,a5
10000164:	00000013          	nop
10000168:	01c12403          	lw	s0,28(sp)
1000016c:	02010113          	addi	sp,sp,32
10000170:	00008067          	ret

10000174 <isr>:
10000174:	ff010113          	addi	sp,sp,-16
10000178:	00112623          	sw	ra,12(sp)
1000017c:	00812423          	sw	s0,8(sp)
10000180:	01010413          	addi	s0,sp,16
10000184:	00000513          	li	a0,0
10000188:	fc5ff0ef          	jal	1000014c <irq_setmask>
1000018c:	f00057b7          	lui	a5,0xf0005
10000190:	01c78793          	addi	a5,a5,28 # f000501c <_etext+0xe000471c>
10000194:	0007a023          	sw	zero,0(a5)
10000198:	f00057b7          	lui	a5,0xf0005
1000019c:	00c78793          	addi	a5,a5,12 # f000500c <_etext+0xe000470c>
100001a0:	00100713          	li	a4,1
100001a4:	00e7a023          	sw	a4,0(a5)
100001a8:	f00057b7          	lui	a5,0xf0005
100001ac:	01078793          	addi	a5,a5,16 # f0005010 <_etext+0xe0004710>
100001b0:	0007a783          	lw	a5,0(a5)
100001b4:	00079863          	bnez	a5,100001c4 <isr+0x50>
100001b8:	00100713          	li	a4,1
100001bc:	10e01023          	sh	a4,256(zero) # 100 <flag>
100001c0:	0180006f          	j	100001d8 <isr+0x64>
100001c4:	f00057b7          	lui	a5,0xf0005
100001c8:	01c78793          	addi	a5,a5,28 # f000501c <_etext+0xe000471c>
100001cc:	00100713          	li	a4,1
100001d0:	00e7a023          	sw	a4,0(a5)
100001d4:	00000013          	nop
100001d8:	00c12083          	lw	ra,12(sp)
100001dc:	00812403          	lw	s0,8(sp)
100001e0:	01010113          	addi	sp,sp,16
100001e4:	00008067          	ret

100001e8 <flush_cpu_icache>:
100001e8:	ff010113          	addi	sp,sp,-16
100001ec:	00812623          	sw	s0,12(sp)
100001f0:	01010413          	addi	s0,sp,16
100001f4:	00000013          	nop
100001f8:	00c12403          	lw	s0,12(sp)
100001fc:	01010113          	addi	sp,sp,16
10000200:	00008067          	ret

10000204 <flush_cpu_dcache>:
10000204:	ff010113          	addi	sp,sp,-16
10000208:	00812623          	sw	s0,12(sp)
1000020c:	01010413          	addi	s0,sp,16
10000210:	00000013          	nop
10000214:	00c12403          	lw	s0,12(sp)
10000218:	01010113          	addi	sp,sp,16
1000021c:	00008067          	ret

10000220 <delay>:
10000220:	fe010113          	addi	sp,sp,-32
10000224:	00812e23          	sw	s0,28(sp)
10000228:	02010413          	addi	s0,sp,32
1000022c:	fea42623          	sw	a0,-20(s0)
10000230:	f00057b7          	lui	a5,0xf0005
10000234:	00878793          	addi	a5,a5,8 # f0005008 <_etext+0xe0004708>
10000238:	0007a023          	sw	zero,0(a5)
1000023c:	f00057b7          	lui	a5,0xf0005
10000240:	fec42703          	lw	a4,-20(s0)
10000244:	00e7a023          	sw	a4,0(a5) # f0005000 <_etext+0xe0004700>
10000248:	f00057b7          	lui	a5,0xf0005
1000024c:	00878793          	addi	a5,a5,8 # f0005008 <_etext+0xe0004708>
10000250:	00100713          	li	a4,1
10000254:	00e7a023          	sw	a4,0(a5)
10000258:	f00057b7          	lui	a5,0xf0005
1000025c:	00c78793          	addi	a5,a5,12 # f000500c <_etext+0xe000470c>
10000260:	00100713          	li	a4,1
10000264:	00e7a023          	sw	a4,0(a5)
10000268:	0140006f          	j	1000027c <delay+0x5c>
1000026c:	f00057b7          	lui	a5,0xf0005
10000270:	00c78793          	addi	a5,a5,12 # f000500c <_etext+0xe000470c>
10000274:	00100713          	li	a4,1
10000278:	00e7a023          	sw	a4,0(a5)
1000027c:	f00057b7          	lui	a5,0xf0005
10000280:	01078793          	addi	a5,a5,16 # f0005010 <_etext+0xe0004710>
10000284:	0007a783          	lw	a5,0(a5)
10000288:	fe0792e3          	bnez	a5,1000026c <delay+0x4c>
1000028c:	00000013          	nop
10000290:	00000013          	nop
10000294:	01c12403          	lw	s0,28(sp)
10000298:	02010113          	addi	sp,sp,32
1000029c:	00008067          	ret

100002a0 <putchar>:
100002a0:	fe010113          	addi	sp,sp,-32
100002a4:	00112e23          	sw	ra,28(sp)
100002a8:	00812c23          	sw	s0,24(sp)
100002ac:	02010413          	addi	s0,sp,32
100002b0:	00050793          	mv	a5,a0
100002b4:	fef407a3          	sb	a5,-17(s0)
100002b8:	fef44703          	lbu	a4,-17(s0)
100002bc:	00a00793          	li	a5,10
100002c0:	00f71663          	bne	a4,a5,100002cc <putchar+0x2c>
100002c4:	00d00513          	li	a0,13
100002c8:	fd9ff0ef          	jal	100002a0 <putchar>
100002cc:	00000013          	nop
100002d0:	f00067b7          	lui	a5,0xf0006
100002d4:	80478793          	addi	a5,a5,-2044 # f0005804 <_etext+0xe0004f04>
100002d8:	0007a703          	lw	a4,0(a5)
100002dc:	00100793          	li	a5,1
100002e0:	fef708e3          	beq	a4,a5,100002d0 <putchar+0x30>
100002e4:	f00067b7          	lui	a5,0xf0006
100002e8:	80078793          	addi	a5,a5,-2048 # f0005800 <_etext+0xe0004f00>
100002ec:	fef44703          	lbu	a4,-17(s0)
100002f0:	00e7a023          	sw	a4,0(a5)
100002f4:	00000013          	nop
100002f8:	01c12083          	lw	ra,28(sp)
100002fc:	01812403          	lw	s0,24(sp)
10000300:	02010113          	addi	sp,sp,32
10000304:	00008067          	ret

10000308 <print>:
10000308:	fe010113          	addi	sp,sp,-32
1000030c:	00112e23          	sw	ra,28(sp)
10000310:	00812c23          	sw	s0,24(sp)
10000314:	02010413          	addi	s0,sp,32
10000318:	fea42623          	sw	a0,-20(s0)
1000031c:	01c0006f          	j	10000338 <print+0x30>
10000320:	fec42783          	lw	a5,-20(s0)
10000324:	00178713          	addi	a4,a5,1
10000328:	fee42623          	sw	a4,-20(s0)
1000032c:	0007c783          	lbu	a5,0(a5)
10000330:	00078513          	mv	a0,a5
10000334:	f6dff0ef          	jal	100002a0 <putchar>
10000338:	fec42783          	lw	a5,-20(s0)
1000033c:	0007c783          	lbu	a5,0(a5)
10000340:	fe0790e3          	bnez	a5,10000320 <print+0x18>
10000344:	00000013          	nop
10000348:	00000013          	nop
1000034c:	01c12083          	lw	ra,28(sp)
10000350:	01812403          	lw	s0,24(sp)
10000354:	02010113          	addi	sp,sp,32
10000358:	00008067          	ret

1000035c <blink>:
1000035c:	ff010113          	addi	sp,sp,-16
10000360:	00112623          	sw	ra,12(sp)
10000364:	00812423          	sw	s0,8(sp)
10000368:	01010413          	addi	s0,sp,16
1000036c:	f00037b7          	lui	a5,0xf0003
10000370:	81478793          	addi	a5,a5,-2028 # f0002814 <_etext+0xe0001f14>
10000374:	0007a023          	sw	zero,0(a5)
10000378:	260007b7          	lui	a5,0x26000
1000037c:	01078793          	addi	a5,a5,16 # 26000010 <_etext+0x15fff710>
10000380:	03f00713          	li	a4,63
10000384:	00e7a023          	sw	a4,0(a5)
10000388:	260007b7          	lui	a5,0x26000
1000038c:	00c78793          	addi	a5,a5,12 # 2600000c <_etext+0x15fff70c>
10000390:	fff00713          	li	a4,-1
10000394:	00e7a023          	sw	a4,0(a5)
10000398:	007a17b7          	lui	a5,0x7a1
1000039c:	20078513          	addi	a0,a5,512 # 7a1200 <_fstack+0x7a0e00>
100003a0:	e81ff0ef          	jal	10000220 <delay>
100003a4:	f00037b7          	lui	a5,0xf0003
100003a8:	81478793          	addi	a5,a5,-2028 # f0002814 <_etext+0xe0001f14>
100003ac:	00100713          	li	a4,1
100003b0:	00e7a023          	sw	a4,0(a5)
100003b4:	260007b7          	lui	a5,0x26000
100003b8:	00c78793          	addi	a5,a5,12 # 2600000c <_etext+0x15fff70c>
100003bc:	0007a023          	sw	zero,0(a5)
100003c0:	260007b7          	lui	a5,0x26000
100003c4:	01078793          	addi	a5,a5,16 # 26000010 <_etext+0x15fff710>
100003c8:	0007a023          	sw	zero,0(a5)
100003cc:	007a17b7          	lui	a5,0x7a1
100003d0:	20078513          	addi	a0,a5,512 # 7a1200 <_fstack+0x7a0e00>
100003d4:	e4dff0ef          	jal	10000220 <delay>
100003d8:	00000013          	nop
100003dc:	00c12083          	lw	ra,12(sp)
100003e0:	00812403          	lw	s0,8(sp)
100003e4:	01010113          	addi	sp,sp,16
100003e8:	00008067          	ret

100003ec <matched_filter>:
100003ec:	fc010113          	addi	sp,sp,-64
100003f0:	02812e23          	sw	s0,60(sp)
100003f4:	04010413          	addi	s0,sp,64
100003f8:	fca42e23          	sw	a0,-36(s0)
100003fc:	fcb42c23          	sw	a1,-40(s0)
10000400:	fcc42a23          	sw	a2,-44(s0)
10000404:	fcd42823          	sw	a3,-48(s0)
10000408:	fce42623          	sw	a4,-52(s0)
1000040c:	fd842703          	lw	a4,-40(s0)
10000410:	fd042783          	lw	a5,-48(s0)
10000414:	00f707b3          	add	a5,a4,a5
10000418:	fff78793          	addi	a5,a5,-1
1000041c:	fef42223          	sw	a5,-28(s0)
10000420:	fe042623          	sw	zero,-20(s0)
10000424:	0d00006f          	j	100004f4 <matched_filter+0x108>
10000428:	fec42783          	lw	a5,-20(s0)
1000042c:	00279793          	slli	a5,a5,0x2
10000430:	fcc42703          	lw	a4,-52(s0)
10000434:	00f707b3          	add	a5,a4,a5
10000438:	0007a023          	sw	zero,0(a5)
1000043c:	fe042423          	sw	zero,-24(s0)
10000440:	09c0006f          	j	100004dc <matched_filter+0xf0>
10000444:	fec42703          	lw	a4,-20(s0)
10000448:	fe842783          	lw	a5,-24(s0)
1000044c:	08f74263          	blt	a4,a5,100004d0 <matched_filter+0xe4>
10000450:	fec42703          	lw	a4,-20(s0)
10000454:	fe842783          	lw	a5,-24(s0)
10000458:	40f707b3          	sub	a5,a4,a5
1000045c:	fd842703          	lw	a4,-40(s0)
10000460:	06e7d863          	bge	a5,a4,100004d0 <matched_filter+0xe4>
10000464:	fec42783          	lw	a5,-20(s0)
10000468:	00279793          	slli	a5,a5,0x2
1000046c:	fcc42703          	lw	a4,-52(s0)
10000470:	00f707b3          	add	a5,a4,a5
10000474:	0007a683          	lw	a3,0(a5)
10000478:	fec42703          	lw	a4,-20(s0)
1000047c:	fe842783          	lw	a5,-24(s0)
10000480:	40f707b3          	sub	a5,a4,a5
10000484:	00279793          	slli	a5,a5,0x2
10000488:	fdc42703          	lw	a4,-36(s0)
1000048c:	00f707b3          	add	a5,a4,a5
10000490:	0007a703          	lw	a4,0(a5)
10000494:	fd042783          	lw	a5,-48(s0)
10000498:	fff78613          	addi	a2,a5,-1
1000049c:	fe842783          	lw	a5,-24(s0)
100004a0:	40f607b3          	sub	a5,a2,a5
100004a4:	00279793          	slli	a5,a5,0x2
100004a8:	fd442603          	lw	a2,-44(s0)
100004ac:	00f607b3          	add	a5,a2,a5
100004b0:	0007a783          	lw	a5,0(a5)
100004b4:	00f70733          	add	a4,a4,a5
100004b8:	fec42783          	lw	a5,-20(s0)
100004bc:	00279793          	slli	a5,a5,0x2
100004c0:	fcc42603          	lw	a2,-52(s0)
100004c4:	00f607b3          	add	a5,a2,a5
100004c8:	00e68733          	add	a4,a3,a4
100004cc:	00e7a023          	sw	a4,0(a5)
100004d0:	fe842783          	lw	a5,-24(s0)
100004d4:	00178793          	addi	a5,a5,1
100004d8:	fef42423          	sw	a5,-24(s0)
100004dc:	fe842703          	lw	a4,-24(s0)
100004e0:	fd042783          	lw	a5,-48(s0)
100004e4:	f6f740e3          	blt	a4,a5,10000444 <matched_filter+0x58>
100004e8:	fec42783          	lw	a5,-20(s0)
100004ec:	00178793          	addi	a5,a5,1
100004f0:	fef42623          	sw	a5,-20(s0)
100004f4:	fec42703          	lw	a4,-20(s0)
100004f8:	fe442783          	lw	a5,-28(s0)
100004fc:	f2f746e3          	blt	a4,a5,10000428 <matched_filter+0x3c>
10000500:	00000013          	nop
10000504:	00000013          	nop
10000508:	03c12403          	lw	s0,60(sp)
1000050c:	04010113          	addi	sp,sp,64
10000510:	00008067          	ret

10000514 <main>:
10000514:	fe010113          	addi	sp,sp,-32
10000518:	00112e23          	sw	ra,28(sp)
1000051c:	00812c23          	sw	s0,24(sp)
10000520:	02010413          	addi	s0,sp,32
10000524:	f00037b7          	lui	a5,0xf0003
10000528:	80078793          	addi	a5,a5,-2048 # f0002800 <_etext+0xe0001f00>
1000052c:	00100713          	li	a4,1
10000530:	00e7a023          	sw	a4,0(a5)
10000534:	f00037b7          	lui	a5,0xf0003
10000538:	80478793          	addi	a5,a5,-2044 # f0002804 <_etext+0xe0001f04>
1000053c:	0007a023          	sw	zero,0(a5)
10000540:	f00037b7          	lui	a5,0xf0003
10000544:	80878793          	addi	a5,a5,-2040 # f0002808 <_etext+0xe0001f08>
10000548:	00100713          	li	a4,1
1000054c:	00e7a023          	sw	a4,0(a5)
10000550:	f00037b7          	lui	a5,0xf0003
10000554:	80c78793          	addi	a5,a5,-2036 # f000280c <_etext+0xe0001f0c>
10000558:	00100713          	li	a4,1
1000055c:	00e7a023          	sw	a4,0(a5)
10000560:	260007b7          	lui	a5,0x26000
10000564:	0b878793          	addi	a5,a5,184 # 260000b8 <_etext+0x15fff7b8>
10000568:	00002737          	lui	a4,0x2
1000056c:	80970713          	addi	a4,a4,-2039 # 1809 <_fstack+0x1409>
10000570:	00e7a023          	sw	a4,0(a5)
10000574:	260007b7          	lui	a5,0x26000
10000578:	0b478793          	addi	a5,a5,180 # 260000b4 <_etext+0x15fff7b4>
1000057c:	00002737          	lui	a4,0x2
10000580:	80970713          	addi	a4,a4,-2039 # 1809 <_fstack+0x1409>
10000584:	00e7a023          	sw	a4,0(a5)
10000588:	260007b7          	lui	a5,0x26000
1000058c:	0b078793          	addi	a5,a5,176 # 260000b0 <_etext+0x15fff7b0>
10000590:	00002737          	lui	a4,0x2
10000594:	80970713          	addi	a4,a4,-2039 # 1809 <_fstack+0x1409>
10000598:	00e7a023          	sw	a4,0(a5)
1000059c:	260007b7          	lui	a5,0x26000
100005a0:	0ac78793          	addi	a5,a5,172 # 260000ac <_etext+0x15fff7ac>
100005a4:	00002737          	lui	a4,0x2
100005a8:	80970713          	addi	a4,a4,-2039 # 1809 <_fstack+0x1409>
100005ac:	00e7a023          	sw	a4,0(a5)
100005b0:	260007b7          	lui	a5,0x26000
100005b4:	0a878793          	addi	a5,a5,168 # 260000a8 <_etext+0x15fff7a8>
100005b8:	00002737          	lui	a4,0x2
100005bc:	80970713          	addi	a4,a4,-2039 # 1809 <_fstack+0x1409>
100005c0:	00e7a023          	sw	a4,0(a5)
100005c4:	260007b7          	lui	a5,0x26000
100005c8:	0a478793          	addi	a5,a5,164 # 260000a4 <_etext+0x15fff7a4>
100005cc:	00002737          	lui	a4,0x2
100005d0:	80970713          	addi	a4,a4,-2039 # 1809 <_fstack+0x1409>
100005d4:	00e7a023          	sw	a4,0(a5)
100005d8:	260007b7          	lui	a5,0x26000
100005dc:	0a078793          	addi	a5,a5,160 # 260000a0 <_etext+0x15fff7a0>
100005e0:	00001737          	lui	a4,0x1
100005e4:	00370713          	addi	a4,a4,3 # 1003 <_fstack+0xc03>
100005e8:	00e7a023          	sw	a4,0(a5)
100005ec:	260007b7          	lui	a5,0x26000
100005f0:	09c78793          	addi	a5,a5,156 # 2600009c <_etext+0x15fff79c>
100005f4:	00001737          	lui	a4,0x1
100005f8:	00370713          	addi	a4,a4,3 # 1003 <_fstack+0xc03>
100005fc:	00e7a023          	sw	a4,0(a5)
10000600:	260007b7          	lui	a5,0x26000
10000604:	09878793          	addi	a5,a5,152 # 26000098 <_etext+0x15fff798>
10000608:	00001737          	lui	a4,0x1
1000060c:	00370713          	addi	a4,a4,3 # 1003 <_fstack+0xc03>
10000610:	00e7a023          	sw	a4,0(a5)
10000614:	260007b7          	lui	a5,0x26000
10000618:	09478793          	addi	a5,a5,148 # 26000094 <_etext+0x15fff794>
1000061c:	00001737          	lui	a4,0x1
10000620:	00370713          	addi	a4,a4,3 # 1003 <_fstack+0xc03>
10000624:	00e7a023          	sw	a4,0(a5)
10000628:	260007b7          	lui	a5,0x26000
1000062c:	09078793          	addi	a5,a5,144 # 26000090 <_etext+0x15fff790>
10000630:	00001737          	lui	a4,0x1
10000634:	00370713          	addi	a4,a4,3 # 1003 <_fstack+0xc03>
10000638:	00e7a023          	sw	a4,0(a5)
1000063c:	260007b7          	lui	a5,0x26000
10000640:	08c78793          	addi	a5,a5,140 # 2600008c <_etext+0x15fff78c>
10000644:	00001737          	lui	a4,0x1
10000648:	00370713          	addi	a4,a4,3 # 1003 <_fstack+0xc03>
1000064c:	00e7a023          	sw	a4,0(a5)
10000650:	260007b7          	lui	a5,0x26000
10000654:	08878793          	addi	a5,a5,136 # 26000088 <_etext+0x15fff788>
10000658:	00001737          	lui	a4,0x1
1000065c:	00370713          	addi	a4,a4,3 # 1003 <_fstack+0xc03>
10000660:	00e7a023          	sw	a4,0(a5)
10000664:	260007b7          	lui	a5,0x26000
10000668:	08478793          	addi	a5,a5,132 # 26000084 <_etext+0x15fff784>
1000066c:	00001737          	lui	a4,0x1
10000670:	00370713          	addi	a4,a4,3 # 1003 <_fstack+0xc03>
10000674:	00e7a023          	sw	a4,0(a5)
10000678:	260007b7          	lui	a5,0x26000
1000067c:	08078793          	addi	a5,a5,128 # 26000080 <_etext+0x15fff780>
10000680:	00001737          	lui	a4,0x1
10000684:	00370713          	addi	a4,a4,3 # 1003 <_fstack+0xc03>
10000688:	00e7a023          	sw	a4,0(a5)
1000068c:	260007b7          	lui	a5,0x26000
10000690:	07c78793          	addi	a5,a5,124 # 2600007c <_etext+0x15fff77c>
10000694:	00001737          	lui	a4,0x1
10000698:	00370713          	addi	a4,a4,3 # 1003 <_fstack+0xc03>
1000069c:	00e7a023          	sw	a4,0(a5)
100006a0:	260007b7          	lui	a5,0x26000
100006a4:	07878793          	addi	a5,a5,120 # 26000078 <_etext+0x15fff778>
100006a8:	00001737          	lui	a4,0x1
100006ac:	00370713          	addi	a4,a4,3 # 1003 <_fstack+0xc03>
100006b0:	00e7a023          	sw	a4,0(a5)
100006b4:	260007b7          	lui	a5,0x26000
100006b8:	07478793          	addi	a5,a5,116 # 26000074 <_etext+0x15fff774>
100006bc:	00001737          	lui	a4,0x1
100006c0:	00370713          	addi	a4,a4,3 # 1003 <_fstack+0xc03>
100006c4:	00e7a023          	sw	a4,0(a5)
100006c8:	260007b7          	lui	a5,0x26000
100006cc:	07078793          	addi	a5,a5,112 # 26000070 <_etext+0x15fff770>
100006d0:	00001737          	lui	a4,0x1
100006d4:	00370713          	addi	a4,a4,3 # 1003 <_fstack+0xc03>
100006d8:	00e7a023          	sw	a4,0(a5)
100006dc:	260007b7          	lui	a5,0x26000
100006e0:	06c78793          	addi	a5,a5,108 # 2600006c <_etext+0x15fff76c>
100006e4:	00001737          	lui	a4,0x1
100006e8:	00370713          	addi	a4,a4,3 # 1003 <_fstack+0xc03>
100006ec:	00e7a023          	sw	a4,0(a5)
100006f0:	260007b7          	lui	a5,0x26000
100006f4:	06878793          	addi	a5,a5,104 # 26000068 <_etext+0x15fff768>
100006f8:	00001737          	lui	a4,0x1
100006fc:	00370713          	addi	a4,a4,3 # 1003 <_fstack+0xc03>
10000700:	00e7a023          	sw	a4,0(a5)
10000704:	260007b7          	lui	a5,0x26000
10000708:	06478793          	addi	a5,a5,100 # 26000064 <_etext+0x15fff764>
1000070c:	00001737          	lui	a4,0x1
10000710:	00370713          	addi	a4,a4,3 # 1003 <_fstack+0xc03>
10000714:	00e7a023          	sw	a4,0(a5)
10000718:	260007b7          	lui	a5,0x26000
1000071c:	06078793          	addi	a5,a5,96 # 26000060 <_etext+0x15fff760>
10000720:	00001737          	lui	a4,0x1
10000724:	00370713          	addi	a4,a4,3 # 1003 <_fstack+0xc03>
10000728:	00e7a023          	sw	a4,0(a5)
1000072c:	260007b7          	lui	a5,0x26000
10000730:	05c78793          	addi	a5,a5,92 # 2600005c <_etext+0x15fff75c>
10000734:	00001737          	lui	a4,0x1
10000738:	00370713          	addi	a4,a4,3 # 1003 <_fstack+0xc03>
1000073c:	00e7a023          	sw	a4,0(a5)
10000740:	260007b7          	lui	a5,0x26000
10000744:	05878793          	addi	a5,a5,88 # 26000058 <_etext+0x15fff758>
10000748:	00001737          	lui	a4,0x1
1000074c:	00370713          	addi	a4,a4,3 # 1003 <_fstack+0xc03>
10000750:	00e7a023          	sw	a4,0(a5)
10000754:	260007b7          	lui	a5,0x26000
10000758:	05478793          	addi	a5,a5,84 # 26000054 <_etext+0x15fff754>
1000075c:	00001737          	lui	a4,0x1
10000760:	00370713          	addi	a4,a4,3 # 1003 <_fstack+0xc03>
10000764:	00e7a023          	sw	a4,0(a5)
10000768:	260007b7          	lui	a5,0x26000
1000076c:	05078793          	addi	a5,a5,80 # 26000050 <_etext+0x15fff750>
10000770:	00001737          	lui	a4,0x1
10000774:	00370713          	addi	a4,a4,3 # 1003 <_fstack+0xc03>
10000778:	00e7a023          	sw	a4,0(a5)
1000077c:	260007b7          	lui	a5,0x26000
10000780:	04c78793          	addi	a5,a5,76 # 2600004c <_etext+0x15fff74c>
10000784:	00001737          	lui	a4,0x1
10000788:	00370713          	addi	a4,a4,3 # 1003 <_fstack+0xc03>
1000078c:	00e7a023          	sw	a4,0(a5)
10000790:	260007b7          	lui	a5,0x26000
10000794:	04878793          	addi	a5,a5,72 # 26000048 <_etext+0x15fff748>
10000798:	00001737          	lui	a4,0x1
1000079c:	00370713          	addi	a4,a4,3 # 1003 <_fstack+0xc03>
100007a0:	00e7a023          	sw	a4,0(a5)
100007a4:	260007b7          	lui	a5,0x26000
100007a8:	04478793          	addi	a5,a5,68 # 26000044 <_etext+0x15fff744>
100007ac:	00001737          	lui	a4,0x1
100007b0:	00370713          	addi	a4,a4,3 # 1003 <_fstack+0xc03>
100007b4:	00e7a023          	sw	a4,0(a5)
100007b8:	260007b7          	lui	a5,0x26000
100007bc:	04078793          	addi	a5,a5,64 # 26000040 <_etext+0x15fff740>
100007c0:	00001737          	lui	a4,0x1
100007c4:	00370713          	addi	a4,a4,3 # 1003 <_fstack+0xc03>
100007c8:	00e7a023          	sw	a4,0(a5)
100007cc:	260007b7          	lui	a5,0x26000
100007d0:	03c78793          	addi	a5,a5,60 # 2600003c <_etext+0x15fff73c>
100007d4:	00002737          	lui	a4,0x2
100007d8:	80970713          	addi	a4,a4,-2039 # 1809 <_fstack+0x1409>
100007dc:	00e7a023          	sw	a4,0(a5)
100007e0:	260007b7          	lui	a5,0x26000
100007e4:	03878793          	addi	a5,a5,56 # 26000038 <_etext+0x15fff738>
100007e8:	00001737          	lui	a4,0x1
100007ec:	00370713          	addi	a4,a4,3 # 1003 <_fstack+0xc03>
100007f0:	00e7a023          	sw	a4,0(a5)
100007f4:	260007b7          	lui	a5,0x26000
100007f8:	03478793          	addi	a5,a5,52 # 26000034 <_etext+0x15fff734>
100007fc:	00001737          	lui	a4,0x1
10000800:	00370713          	addi	a4,a4,3 # 1003 <_fstack+0xc03>
10000804:	00e7a023          	sw	a4,0(a5)
10000808:	260007b7          	lui	a5,0x26000
1000080c:	03078793          	addi	a5,a5,48 # 26000030 <_etext+0x15fff730>
10000810:	00001737          	lui	a4,0x1
10000814:	00370713          	addi	a4,a4,3 # 1003 <_fstack+0xc03>
10000818:	00e7a023          	sw	a4,0(a5)
1000081c:	260007b7          	lui	a5,0x26000
10000820:	02c78793          	addi	a5,a5,44 # 2600002c <_etext+0x15fff72c>
10000824:	00001737          	lui	a4,0x1
10000828:	00370713          	addi	a4,a4,3 # 1003 <_fstack+0xc03>
1000082c:	00e7a023          	sw	a4,0(a5)
10000830:	260007b7          	lui	a5,0x26000
10000834:	02878793          	addi	a5,a5,40 # 26000028 <_etext+0x15fff728>
10000838:	00002737          	lui	a4,0x2
1000083c:	80970713          	addi	a4,a4,-2039 # 1809 <_fstack+0x1409>
10000840:	00e7a023          	sw	a4,0(a5)
10000844:	260007b7          	lui	a5,0x26000
10000848:	00100713          	li	a4,1
1000084c:	00e7a023          	sw	a4,0(a5) # 26000000 <_etext+0x15fff700>
10000850:	00000013          	nop
10000854:	260007b7          	lui	a5,0x26000
10000858:	0007a703          	lw	a4,0(a5) # 26000000 <_etext+0x15fff700>
1000085c:	00100793          	li	a5,1
10000860:	fef70ae3          	beq	a4,a5,10000854 <main+0x340>
10000864:	08c02583          	lw	a1,140(zero) # 8c <fake_size>
10000868:	08802683          	lw	a3,136(zero) # 88 <kernel_size>
1000086c:	10400713          	li	a4,260
10000870:	00000613          	li	a2,0
10000874:	01400513          	li	a0,20
10000878:	b75ff0ef          	jal	100003ec <matched_filter>
1000087c:	08c02703          	lw	a4,140(zero) # 8c <fake_size>
10000880:	08802783          	lw	a5,136(zero) # 88 <kernel_size>
10000884:	00f707b3          	add	a5,a4,a5
10000888:	fff78793          	addi	a5,a5,-1
1000088c:	fef42423          	sw	a5,-24(s0)
10000890:	fe042623          	sw	zero,-20(s0)
10000894:	03c0006f          	j	100008d0 <main+0x3bc>
10000898:	10400713          	li	a4,260
1000089c:	fec42783          	lw	a5,-20(s0)
100008a0:	00279793          	slli	a5,a5,0x2
100008a4:	00f707b3          	add	a5,a4,a5
100008a8:	0007a703          	lw	a4,0(a5)
100008ac:	00400793          	li	a5,4
100008b0:	00e7d463          	bge	a5,a4,100008b8 <main+0x3a4>
100008b4:	aa9ff0ef          	jal	1000035c <blink>
100008b8:	007a17b7          	lui	a5,0x7a1
100008bc:	20078513          	addi	a0,a5,512 # 7a1200 <_fstack+0x7a0e00>
100008c0:	961ff0ef          	jal	10000220 <delay>
100008c4:	fec42783          	lw	a5,-20(s0)
100008c8:	00178793          	addi	a5,a5,1
100008cc:	fef42623          	sw	a5,-20(s0)
100008d0:	fec42703          	lw	a4,-20(s0)
100008d4:	fe842783          	lw	a5,-24(s0)
100008d8:	fcf740e3          	blt	a4,a5,10000898 <main+0x384>
100008dc:	00000013          	nop
100008e0:	00000013          	nop
100008e4:	01c12083          	lw	ra,28(sp)
100008e8:	01812403          	lw	s0,24(sp)
100008ec:	02010113          	addi	sp,sp,32
100008f0:	00008067          	ret
	...

Disassembly of section .data:

00000000 <kernel_samples>:
   0:	0000                	.insn	2, 0x
   2:	0000                	.insn	2, 0x
   4:	0001                	.insn	2, 0x0001
   6:	0000                	.insn	2, 0x
   8:	0000                	.insn	2, 0x
   a:	0000                	.insn	2, 0x
   c:	0001                	.insn	2, 0x0001
   e:	0000                	.insn	2, 0x
  10:	0000                	.insn	2, 0x
	...

00000014 <fake_samples>:
	...
  20:	0001                	.insn	2, 0x0001
  22:	0000                	.insn	2, 0x
  24:	0000                	.insn	2, 0x
  26:	0000                	.insn	2, 0x
  28:	0001                	.insn	2, 0x0001
	...
  42:	0000                	.insn	2, 0x
  44:	0001                	.insn	2, 0x0001
	...
  5a:	0000                	.insn	2, 0x
  5c:	0001                	.insn	2, 0x0001
	...
  6e:	0000                	.insn	2, 0x
  70:	0001                	.insn	2, 0x0001
  72:	0000                	.insn	2, 0x
  74:	0000                	.insn	2, 0x
  76:	0000                	.insn	2, 0x
  78:	0001                	.insn	2, 0x0001
  7a:	0000                	.insn	2, 0x
  7c:	0000                	.insn	2, 0x
  7e:	0000                	.insn	2, 0x
  80:	0001                	.insn	2, 0x0001
  82:	0000                	.insn	2, 0x
  84:	0000                	.insn	2, 0x
	...

00000088 <kernel_size>:
  88:	0005                	.insn	2, 0x0005
	...

0000008c <fake_size>:
  8c:	001d                	.insn	2, 0x001d
	...

Disassembly of section .riscv.attributes:

00000000 <.riscv.attributes>:
   0:	2841                	.insn	2, 0x2841
   2:	0000                	.insn	2, 0x
   4:	7200                	.insn	2, 0x7200
   6:	7369                	.insn	2, 0x7369
   8:	01007663          	bgeu	zero,a6,14 <fake_samples>
   c:	001e                	.insn	2, 0x001e
   e:	0000                	.insn	2, 0x
  10:	1004                	.insn	2, 0x1004
  12:	7205                	.insn	2, 0x7205
  14:	3376                	.insn	2, 0x3376
  16:	6932                	.insn	2, 0x6932
  18:	7032                	.insn	2, 0x7032
  1a:	5f31                	.insn	2, 0x5f31
  1c:	697a                	.insn	2, 0x697a
  1e:	32727363          	bgeu	tp,t2,344 <_ebss+0x1b4>
  22:	3070                	.insn	2, 0x3070
  24:	0800                	.insn	2, 0x0800
  26:	0a01                	.insn	2, 0x0a01
  28:	Address 0x28 is out of bounds.


Disassembly of section .comment:

00000000 <.comment>:
   0:	3a434347          	.insn	4, 0x3a434347
   4:	2820                	.insn	2, 0x2820
   6:	2029                	.insn	2, 0x2029
   8:	3331                	.insn	2, 0x3331
   a:	322e                	.insn	2, 0x322e
   c:	302e                	.insn	2, 0x302e
	...
